▲ Next.js 16.1.1 (Turbopack)
- Environments: .env.local

⚠ The "middleware" file convention is deprecated. Please use "proxy" instead. Learn more: https://nextjs.org/docs/messages/middleware-to-proxy
  Creating an optimized production build ...
✓ Compiled successfully in 4.3s
  Running TypeScript ...
  Collecting page data using 7 workers ...
  Generating static pages using 7 workers (0/63) ...
  Generating static pages using 7 workers (15/63) 
  Generating static pages using 7 workers (31/63) 
  Generating static pages using 7 workers (47/63) 
✓ Generating static pages using 7 workers (63/63) in 146.9ms
  Finalizing page optimization ...

Route (app)
┌ ƒ /
├ ○ /_not-found
├ ƒ /about
├ ƒ /accept-invite
├ ƒ /admin
├ ƒ /admin/billing
├ ƒ /admin/health
├ ƒ /admin/orgs
├ ƒ /admin/orgs/[orgId]
├ ƒ /admin/revenue
├ ƒ /admin/settings
├ ƒ /admin/support
├ ƒ /admin/users
├ ƒ /api/admin/health
├ ƒ /api/admin/orgs
├ ƒ /api/admin/orgs/[orgId]
├ ƒ /api/admin/orgs/[orgId]/lock
├ ƒ /api/admin/orgs/[orgId]/notes
├ ƒ /api/admin/orgs/[orgId]/plan
├ ƒ /api/admin/orgs/[orgId]/trial/extend
├ ƒ /api/admin/orgs/[orgId]/trial/reset
├ ƒ /api/admin/overview
├ ƒ /api/admin/subscriptions
├ ƒ /api/admin/subscriptions/[orgId]/resync-stripe
├ ƒ /api/admin/support
├ ƒ /api/admin/users
├ ƒ /api/admin/users/[userId]/lock
├ ƒ /api/admin/users/[userId]/resend-confirmation
├ ƒ /api/auth/signup
├ ƒ /api/billing/webhook
├ ƒ /api/debug/bootstrap
├ ƒ /api/debug/env
├ ƒ /api/debug/log
├ ƒ /api/debug/supabase
├ ƒ /api/debug/supabase-functions
├ ƒ /api/onboarding/select-plan
├ ƒ /app
├ ƒ /app/admin
├ ƒ /app/admin/orgs/[orgId]
├ ƒ /app/api/email/send
├ ƒ /app/api/invitations/create
├ ƒ /app/api/policies/update
├ ƒ /app/audit
├ ƒ /app/audit/export/[userId]
├ ƒ /app/billing
├ ƒ /app/dashboard
├ ƒ /app/evidence
├ ƒ /app/forms/builder/[id]
├ ƒ /app/history
├ ƒ /app/patients
├ ƒ /app/patients/[id]
├ ƒ /app/people
├ ƒ /app/policies
├ ƒ /app/policies/[id]
├ ƒ /app/profile
├ ƒ /app/progress-notes
├ ƒ /app/registers
├ ƒ /app/registers/training
├ ƒ /app/reports
├ ƒ /app/settings
├ ƒ /app/settings/email-history
├ ƒ /app/settings/email-preferences
├ ƒ /app/staff
├ ƒ /app/tasks
├ ƒ /app/team
├ ƒ /app/vault
├ ƒ /app/vault/review
├ ƒ /auth-redirect
├ ƒ /auth/callback
├ ○ /auth/plan-select
├ ○ /auth/signin
├ ○ /auth/signup
├ ƒ /contact
├ ƒ /industries
├ ƒ /legal/privacy
├ ƒ /legal/terms
├ ƒ /onboarding
├ ƒ /organization/[orgId]/audit
├ ƒ /our-story
├ ƒ /pricing
├ ƒ /privacy
├ ƒ /product
├ ƒ /security
├ ○ /signin
├ ƒ /submit/[formId]
└ ƒ /terms


ƒ Proxy (Middleware)

○  (Static)   prerendered as static content
ƒ  (Dynamic)  server-rendered on demand

