
> formaos@0.1.0 lint
> eslint --ext .js,.jsx,.ts,.tsx . --fix


/Users/ejay/formaos/app/(marketing)/about/AboutPageContent.tsx
  3:8   warning  'Link' is defined but never used    @typescript-eslint/no-unused-vars
  5:37  warning  'Shield' is defined but never used  @typescript-eslint/no-unused-vars

/Users/ejay/formaos/app/(marketing)/components/CinematicHero.tsx
   9:3   warning  'FloatingUIPanel' is defined but never used              @typescript-eslint/no-unused-vars
  12:3   warning  'ComplianceCoreVisualization' is defined but never used  @typescript-eslint/no-unused-vars
  19:10  warning  'isMobile' is assigned a value but never used            @typescript-eslint/no-unused-vars

/Users/ejay/formaos/app/(marketing)/components/FigmaHomepage.tsx
   921:10  warning  '_MetricsCard' is defined but never used  @typescript-eslint/no-unused-vars
   955:10  warning  '_ProcessFlow' is defined but never used  @typescript-eslint/no-unused-vars
  1027:10  warning  '_NodeNetwork' is defined but never used  @typescript-eslint/no-unused-vars
  1719:10  warning  '_StoryStep' is defined but never used    @typescript-eslint/no-unused-vars

/Users/ejay/formaos/app/(marketing)/components/Footer.tsx
  303:48  warning  'idx' is defined but never used. Allowed unused args must match /^_/u  @typescript-eslint/no-unused-vars
  315:48  warning  'idx' is defined but never used. Allowed unused args must match /^_/u  @typescript-eslint/no-unused-vars
  327:49  warning  'idx' is defined but never used. Allowed unused args must match /^_/u  @typescript-eslint/no-unused-vars
  339:47  warning  'idx' is defined but never used. Allowed unused args must match /^_/u  @typescript-eslint/no-unused-vars
  351:45  warning  'idx' is defined but never used. Allowed unused args must match /^_/u  @typescript-eslint/no-unused-vars

/Users/ejay/formaos/app/(marketing)/components/HomePageContent.tsx
  26:3  warning  'NodeWireShowcase' is defined but never used  @typescript-eslint/no-unused-vars

/Users/ejay/formaos/app/(marketing)/components/home-page-client-backup.tsx
  3:10  warning  'useState' is defined but never used   @typescript-eslint/no-unused-vars
  3:20  warning  'useEffect' is defined but never used  @typescript-eslint/no-unused-vars

/Users/ejay/formaos/app/(marketing)/components/home-page-client-complete.tsx
  16:3   warning  'SectionHeader' is defined but never used    @typescript-eslint/no-unused-vars
  17:3   warning  'ValueProp' is defined but never used        @typescript-eslint/no-unused-vars
  20:3   warning  'InteractiveCard' is defined but never used  @typescript-eslint/no-unused-vars
  26:10  warning  'MarketingAnchor' is defined but never used  @typescript-eslint/no-unused-vars

/Users/ejay/formaos/app/(marketing)/components/home-page-client.tsx
   4:20  warning  'Target' is defined but never used            @typescript-eslint/no-unused-vars
   4:28  warning  'Users' is defined but never used             @typescript-eslint/no-unused-vars
   4:35  warning  'Shield' is defined but never used            @typescript-eslint/no-unused-vars
   4:43  warning  'Sparkles' is defined but never used          @typescript-eslint/no-unused-vars
   4:53  warning  'Mail' is defined but never used              @typescript-eslint/no-unused-vars
   4:59  warning  'Phone' is defined but never used             @typescript-eslint/no-unused-vars
   4:66  warning  'MapPin' is defined but never used            @typescript-eslint/no-unused-vars
   7:3   warning  'CinematicSection' is defined but never used  @typescript-eslint/no-unused-vars
   8:3   warning  'SectionHeader' is defined but never used     @typescript-eslint/no-unused-vars
   9:3   warning  'TimelineItem' is defined but never used      @typescript-eslint/no-unused-vars
  10:3   warning  'NarrativeBlock' is defined but never used    @typescript-eslint/no-unused-vars
  11:3   warning  'MissionStatement' is defined but never used  @typescript-eslint/no-unused-vars
  12:3   warning  'TeamMember' is defined but never used        @typescript-eslint/no-unused-vars
  13:3   warning  'VisualDivider' is defined but never used     @typescript-eslint/no-unused-vars
  14:3   warning  'ValueProp' is defined but never used         @typescript-eslint/no-unused-vars
  18:3   warning  'GradientMesh' is defined but never used      @typescript-eslint/no-unused-vars
  19:3   warning  'InteractiveCard' is defined but never used   @typescript-eslint/no-unused-vars

/Users/ejay/formaos/app/(marketing)/components/oauth-redirect-wrapper.tsx
  30:13  warning  'state' is assigned a value but never used  @typescript-eslint/no-unused-vars

/Users/ejay/formaos/app/(marketing)/components/webgl/NodeField.tsx
  4:28  warning  'useThree' is defined but never used  @typescript-eslint/no-unused-vars

/Users/ejay/formaos/app/(marketing)/contact/ContactPageContent.tsx
  12:3  warning  'PulsingNode' is defined but never used  @typescript-eslint/no-unused-vars

/Users/ejay/formaos/app/(marketing)/industries/page-old.tsx
  3:20  warning  'Target' is defined but never used    @typescript-eslint/no-unused-vars
  3:28  warning  'Users' is defined but never used     @typescript-eslint/no-unused-vars
  3:35  warning  'Shield' is defined but never used    @typescript-eslint/no-unused-vars
  3:43  warning  'Sparkles' is defined but never used  @typescript-eslint/no-unused-vars
  3:53  warning  'Mail' is defined but never used      @typescript-eslint/no-unused-vars
  3:59  warning  'Phone' is defined but never used     @typescript-eslint/no-unused-vars
  3:66  warning  'MapPin' is defined but never used    @typescript-eslint/no-unused-vars

/Users/ejay/formaos/app/(marketing)/page-old.tsx
  12:10  warning  'MarketingAnchor' is defined but never used  @typescript-eslint/no-unused-vars

/Users/ejay/formaos/app/(marketing)/page.tsx
  2:10  warning  'MarketingAnchor' is defined but never used  @typescript-eslint/no-unused-vars

/Users/ejay/formaos/app/(marketing)/pricing/PricingHero.tsx
  3:8   warning  'Link' is defined but never used        @typescript-eslint/no-unused-vars
  4:22  warning  'ArrowRight' is defined but never used  @typescript-eslint/no-unused-vars

/Users/ejay/formaos/app/(marketing)/pricing/page-old.tsx
   6:3  warning  'Target' is defined but never used    @typescript-eslint/no-unused-vars
   7:3  warning  'Users' is defined but never used     @typescript-eslint/no-unused-vars
   8:3  warning  'Shield' is defined but never used    @typescript-eslint/no-unused-vars
   9:3  warning  'Sparkles' is defined but never used  @typescript-eslint/no-unused-vars
  10:3  warning  'Mail' is defined but never used      @typescript-eslint/no-unused-vars
  11:3  warning  'Phone' is defined but never used     @typescript-eslint/no-unused-vars
  12:3  warning  'MapPin' is defined but never used    @typescript-eslint/no-unused-vars

/Users/ejay/formaos/app/(marketing)/security/page-old.tsx
  2:8   warning  'Link' is defined but never used      @typescript-eslint/no-unused-vars
  4:18  warning  'Target' is defined but never used    @typescript-eslint/no-unused-vars
  4:26  warning  'Users' is defined but never used     @typescript-eslint/no-unused-vars
  4:33  warning  'Sparkles' is defined but never used  @typescript-eslint/no-unused-vars
  4:43  warning  'Mail' is defined but never used      @typescript-eslint/no-unused-vars
  4:49  warning  'Phone' is defined but never used     @typescript-eslint/no-unused-vars
  4:56  warning  'MapPin' is defined but never used    @typescript-eslint/no-unused-vars

/Users/ejay/formaos/app/(marketing)/use-cases/healthcare/page.tsx
  18:3  warning  'Reveal' is defined but never used       @typescript-eslint/no-unused-vars
  19:3  warning  'Parallax' is defined but never used     @typescript-eslint/no-unused-vars
  20:3  warning  'AmbientOrbs' is defined but never used  @typescript-eslint/no-unused-vars

/Users/ejay/formaos/app/(marketing)/use-cases/incident-management/page.tsx
  18:3  warning  'Reveal' is defined but never used       @typescript-eslint/no-unused-vars
  19:3  warning  'Parallax' is defined but never used     @typescript-eslint/no-unused-vars
  20:3  warning  'AmbientOrbs' is defined but never used  @typescript-eslint/no-unused-vars

/Users/ejay/formaos/app/(marketing)/use-cases/ndis-aged-care/page.tsx
  18:3  warning  'Reveal' is defined but never used       @typescript-eslint/no-unused-vars
  19:3  warning  'Parallax' is defined but never used     @typescript-eslint/no-unused-vars
  20:3  warning  'AmbientOrbs' is defined but never used  @typescript-eslint/no-unused-vars

/Users/ejay/formaos/app/(marketing)/use-cases/workforce-credentials/page.tsx
  18:3  warning  'Reveal' is defined but never used       @typescript-eslint/no-unused-vars
  19:3  warning  'Parallax' is defined but never used     @typescript-eslint/no-unused-vars
  20:3  warning  'AmbientOrbs' is defined but never used  @typescript-eslint/no-unused-vars

/Users/ejay/formaos/app/admin/components/user-action-buttons.tsx
   4:39  warning  'MoreVertical' is defined but never used                                                  @typescript-eslint/no-unused-vars
  21:45  warning  'initialLocked' is assigned a value but never used. Allowed unused args must match /^_/u  @typescript-eslint/no-unused-vars

/Users/ejay/formaos/app/admin/features/page.tsx
  2:10  warning  'Zap' is defined but never used  @typescript-eslint/no-unused-vars

/Users/ejay/formaos/app/admin/revenue/page.tsx
  2:10  warning  'TrendingUp' is defined but never used  @typescript-eslint/no-unused-vars

/Users/ejay/formaos/app/admin/settings/page.tsx
  1:10  warning  'Settings' is defined but never used  @typescript-eslint/no-unused-vars

/Users/ejay/formaos/app/admin/system/page.tsx
  3:3  warning  'Activity' is defined but never used  @typescript-eslint/no-unused-vars

/Users/ejay/formaos/app/admin/trials/page.tsx
   2:45  warning  'Lock' is defined but never used            @typescript-eslint/no-unused-vars
   2:51  warning  'Zap' is defined but never used             @typescript-eslint/no-unused-vars
  42:10  warning  'getStatusBadge' is defined but never used  @typescript-eslint/no-unused-vars

/Users/ejay/formaos/app/api/auth/signup/route.ts
  73:19  warning  'createdUser' is assigned a value but never used  @typescript-eslint/no-unused-vars

/Users/ejay/formaos/app/api/health/detailed/route.ts
  3:10  warning  'cookies' is defined but never used  @typescript-eslint/no-unused-vars

/Users/ejay/formaos/app/api/system-state/route.ts
  25:27  warning  'request' is defined but never used. Allowed unused args must match /^_/u  @typescript-eslint/no-unused-vars

/Users/ejay/formaos/app/app/actions/tasks.ts
  106:16  warning  'completeTaskCore' is defined but never used  @typescript-eslint/no-unused-vars

/Users/ejay/formaos/app/app/api/email/send/route.ts
  6:3  warning  'createRateLimitedResponse' is defined but never used  @typescript-eslint/no-unused-vars
  7:3  warning  'createRateLimitHeaders' is defined but never used     @typescript-eslint/no-unused-vars

/Users/ejay/formaos/app/app/api/invitations/create/route.ts
  9:3  warning  'createRateLimitedResponse' is defined but never used  @typescript-eslint/no-unused-vars

/Users/ejay/formaos/app/app/api/policies/update/route.ts
  5:3  warning  'createRateLimitedResponse' is defined but never used  @typescript-eslint/no-unused-vars

/Users/ejay/formaos/app/app/audit/page.tsx
   4:3   warning  'Search' is defined but never used       @typescript-eslint/no-unused-vars
   5:11  warning  'UserIcon' is defined but never used     @typescript-eslint/no-unused-vars
   7:3   warning  'Filter' is defined but never used       @typescript-eslint/no-unused-vars
   8:3   warning  'Fingerprint' is defined but never used  @typescript-eslint/no-unused-vars
  10:3   warning  'Download' is defined but never used     @typescript-eslint/no-unused-vars
  11:3   warning  'Clock' is defined but never used        @typescript-eslint/no-unused-vars
  12:3   warning  'FileText' is defined but never used     @typescript-eslint/no-unused-vars

/Users/ejay/formaos/app/app/billing/page.tsx
   3:40  warning  'Suspense' is defined but never used            @typescript-eslint/no-unused-vars
  44:10  warning  'isLoading' is assigned a value but never used  @typescript-eslint/no-unused-vars

/Users/ejay/formaos/app/app/forms/builder/[id]/form-builder-client.tsx
   8:59  warning  'CheckCircle2' is defined but never used              @typescript-eslint/no-unused-vars
  30:10  warning  'showSaveSuccess' is assigned a value but never used  @typescript-eslint/no-unused-vars

/Users/ejay/formaos/app/app/history/page.tsx
   3:40  warning  'Upload' is defined but never used                                       @typescript-eslint/no-unused-vars
   4:3   warning  'Calendar' is defined but never used                                     @typescript-eslint/no-unused-vars
   4:19  warning  'ArrowDown' is defined but never used                                    @typescript-eslint/no-unused-vars
  51:30  warning  'index' is defined but never used. Allowed unused args must match /^_/u  @typescript-eslint/no-unused-vars

/Users/ejay/formaos/app/app/layout.tsx
  11:10  warning  'resolvePlanKey' is defined but never used  @typescript-eslint/no-unused-vars
  12:10  warning  'normalizeRole' is defined but never used   @typescript-eslint/no-unused-vars

/Users/ejay/formaos/app/app/people/page.tsx
  12:3   warning  'Activity' is defined but never used        @typescript-eslint/no-unused-vars
  23:10  warning  'orgId' is assigned a value but never used  @typescript-eslint/no-unused-vars

/Users/ejay/formaos/app/app/policies/[id]/page.tsx
  7:3  warning  'FileEdit' is defined but never used  @typescript-eslint/no-unused-vars

/Users/ejay/formaos/app/app/policies/page.tsx
  35:10  warning  'isLoading' is assigned a value but never used  @typescript-eslint/no-unused-vars

/Users/ejay/formaos/app/app/reports/page.tsx
  2:3  warning  'FileText' is defined but never used      @typescript-eslint/no-unused-vars
  3:3  warning  'Download' is defined but never used      @typescript-eslint/no-unused-vars
  5:3  warning  'ExternalLink' is defined but never used  @typescript-eslint/no-unused-vars
  6:3  warning  'ArrowRight' is defined but never used    @typescript-eslint/no-unused-vars
  7:3  warning  'FileSearch' is defined but never used    @typescript-eslint/no-unused-vars

/Users/ejay/formaos/app/app/workflows/WorkflowManagementClient.tsx
  29:3   warning  'organizationId' is defined but never used. Allowed unused args must match /^_/u  @typescript-eslint/no-unused-vars
  35:10  warning  'showCreateModal' is assigned a value but never used                              @typescript-eslint/no-unused-vars
  50:9   warning  'actionTypes' is assigned a value but never used                                  @typescript-eslint/no-unused-vars

/Users/ejay/formaos/app/auth/plan-select/page.tsx
  9:20  warning  'setSelected' is assigned a value but never used  @typescript-eslint/no-unused-vars

/Users/ejay/formaos/app/auth/signup/page.tsx
  122:14  warning  'err' is defined but never used  @typescript-eslint/no-unused-vars

/Users/ejay/formaos/app/onboarding/page.tsx
  26:7  warning  'SITE_URL' is assigned a value but never used  @typescript-eslint/no-unused-vars

/Users/ejay/formaos/check-schema.js
  41:19  warning  'error' is assigned a value but never used  @typescript-eslint/no-unused-vars

/Users/ejay/formaos/components/analytics/analytics-dashboard.tsx
  5:3  warning  'TrendingUp' is defined but never used  @typescript-eslint/no-unused-vars

/Users/ejay/formaos/components/audit/audit-trail-viewer.tsx
  11:44  warning  'AlertTriangle' is defined but never used  @typescript-eslint/no-unused-vars

/Users/ejay/formaos/components/billing/billing-dashboard.tsx
  13:3  warning  'TrendingUp' is defined but never used  @typescript-eslint/no-unused-vars

/Users/ejay/formaos/components/comments/comments-section.tsx
  13:3  warning  'ThumbsUp' is defined but never used  @typescript-eslint/no-unused-vars
  14:3  warning  'Heart' is defined but never used     @typescript-eslint/no-unused-vars

/Users/ejay/formaos/components/compliance-system/action-button.tsx
  5:29  warning  'AlertTriangle' is defined but never used  @typescript-eslint/no-unused-vars

/Users/ejay/formaos/components/compliance-system/admin-permission-flow.tsx
   15:3   warning  'AlertTriangle' is defined but never used   @typescript-eslint/no-unused-vars
  284:11  warning  'state' is assigned a value but never used  @typescript-eslint/no-unused-vars
  336:14  warning  'error' is defined but never used           @typescript-eslint/no-unused-vars

/Users/ejay/formaos/components/compliance-system/compliance-graph.tsx
  52:3  warning  'showLabels' is assigned a value but never used. Allowed unused args must match /^_/u  @typescript-eslint/no-unused-vars

/Users/ejay/formaos/components/compliance-system/feature-enable-flow.tsx
  258:11  warning  'state' is assigned a value but never used               @typescript-eslint/no-unused-vars
  258:34  warning  'isModuleAccessible' is assigned a value but never used  @typescript-eslint/no-unused-vars
  260:11  warning  'reportSuccess' is assigned a value but never used       @typescript-eslint/no-unused-vars

/Users/ejay/formaos/components/compliance-system/plan-activation-flow.tsx
   41:3   warning  'plan' is defined but never used. Allowed unused args must match /^_/u  @typescript-eslint/no-unused-vars
  161:11  warning  'state' is assigned a value but never used                              @typescript-eslint/no-unused-vars

/Users/ejay/formaos/components/compliance-system/system-feedback.tsx
  3:28  warning  'useState' is defined but never used  @typescript-eslint/no-unused-vars

/Users/ejay/formaos/components/compliance-system/system-node.tsx
    3:27  warning  'useEffect' is defined but never used             @typescript-eslint/no-unused-vars
   22:31  warning  'ModuleConfig' is defined but never used          @typescript-eslint/no-unused-vars
  118:34  warning  'isTrialUser' is assigned a value but never used  @typescript-eslint/no-unused-vars
  118:47  warning  'getPlan' is assigned a value but never used      @typescript-eslint/no-unused-vars

/Users/ejay/formaos/components/compliance-system/system-wire.tsx
   6:31  warning  'SystemFlow' is defined but never used                                          @typescript-eslint/no-unused-vars
  69:3   warning  'sourceModule' is defined but never used. Allowed unused args must match /^_/u  @typescript-eslint/no-unused-vars
  70:3   warning  'targetModule' is defined but never used. Allowed unused args must match /^_/u  @typescript-eslint/no-unused-vars

/Users/ejay/formaos/components/dashboard/audit-stream.tsx
  62:14  warning  'e' is defined but never used  @typescript-eslint/no-unused-vars

/Users/ejay/formaos/components/dashboard/employee-dashboard.tsx
    8:3  warning  'AlertCircle' is defined but never used                                                   @typescript-eslint/no-unused-vars
   10:3  warning  'TrendingUp' is defined but never used                                                    @typescript-eslint/no-unused-vars
   11:3  warning  'Calendar' is defined but never used                                                      @typescript-eslint/no-unused-vars
  449:3  warning  'employeeName' is defined but never used. Allowed unused args must match /^_/u            @typescript-eslint/no-unused-vars
  450:3  warning  'organizationName' is defined but never used. Allowed unused args must match /^_/u        @typescript-eslint/no-unused-vars
  453:3  warning  'tasksAssigned' is assigned a value but never used. Allowed unused args must match /^_/u  @typescript-eslint/no-unused-vars
  454:3  warning  'tasksPending' is assigned a value but never used. Allowed unused args must match /^_/u   @typescript-eslint/no-unused-vars

/Users/ejay/formaos/components/dashboard/employer-dashboard.tsx
    5:3  warning  'Building2' is defined but never used                                               @typescript-eslint/no-unused-vars
   10:3  warning  'Clock3' is defined but never used                                                  @typescript-eslint/no-unused-vars
   11:3  warning  'User2' is defined but never used                                                   @typescript-eslint/no-unused-vars
  429:3  warning  'organizationId' is defined but never used. Allowed unused args must match /^_/u    @typescript-eslint/no-unused-vars
  430:3  warning  'organizationName' is defined but never used. Allowed unused args must match /^_/u  @typescript-eslint/no-unused-vars

/Users/ejay/formaos/components/dashboard/expiry-alert-widget.tsx
  3:23  warning  'Calendar' is defined but never used  @typescript-eslint/no-unused-vars

/Users/ejay/formaos/components/dashboard/unified-dashboard-layout.tsx
   11:3  warning  'BarChart3' is defined but never used                                       @typescript-eslint/no-unused-vars
  267:3  warning  'empAlloc' is defined but never used. Allowed unused args must match /^_/u  @typescript-eslint/no-unused-vars
  268:3  warning  'empStats' is defined but never used. Allowed unused args must match /^_/u  @typescript-eslint/no-unused-vars

/Users/ejay/formaos/components/motion/AnimatedBackground.tsx
   3:10  warning  'useEffect' is defined but never used                                             @typescript-eslint/no-unused-vars
  69:31  warning  'x' is defined but never used. Allowed unused args must match /^_/u               @typescript-eslint/no-unused-vars
  69:34  warning  'y' is defined but never used. Allowed unused args must match /^_/u               @typescript-eslint/no-unused-vars
  69:37  warning  'size' is assigned a value but never used. Allowed unused args must match /^_/u   @typescript-eslint/no-unused-vars
  69:47  warning  'color' is assigned a value but never used. Allowed unused args must match /^_/u  @typescript-eslint/no-unused-vars
  69:76  warning  'delay' is assigned a value but never used. Allowed unused args must match /^_/u  @typescript-eslint/no-unused-vars

/Users/ejay/formaos/components/motion/CleanBackground.tsx
  60:3  warning  'speed' is assigned a value but never used. Allowed unused args must match /^_/u  @typescript-eslint/no-unused-vars

/Users/ejay/formaos/components/motion/EnhancedMotion.tsx
  228:9  warning  'gradientPosition' is assigned a value but never used  @typescript-eslint/no-unused-vars

/Users/ejay/formaos/components/motion/EnterpriseCards.tsx
  4:10  warning  'ReactNode' is defined but never used  @typescript-eslint/no-unused-vars

/Users/ejay/formaos/components/motion/InteractionFeedback.tsx
   59:14  warning  'error' is defined but never used               @typescript-eslint/no-unused-vars
  221:11  warning  'ToastProviderProps' is defined but never used  @typescript-eslint/no-unused-vars

/Users/ejay/formaos/components/motion/NodeWireSystem.tsx
    7:31  warning  'Users' is defined but never used                                                @typescript-eslint/no-unused-vars
  210:9   warning  'length' is assigned a value but never used                                      @typescript-eslint/no-unused-vars
  265:3   warning  'role' is assigned a value but never used. Allowed unused args must match /^_/u  @typescript-eslint/no-unused-vars
  274:10  warning  'hoveredNode' is assigned a value but never used                                 @typescript-eslint/no-unused-vars
  328:70  warning  'idx' is defined but never used. Allowed unused args must match /^_/u            @typescript-eslint/no-unused-vars

/Users/ejay/formaos/components/motion/PremiumBackgrounds.tsx
  3:43  warning  'AnimatePresence' is defined but never used  @typescript-eslint/no-unused-vars

/Users/ejay/formaos/components/policies/artifact-sidebar.tsx
  45:37  warning  'reportInfo' is assigned a value but never used  @typescript-eslint/no-unused-vars

/Users/ejay/formaos/components/policies/editor.tsx
   8:59  warning  'CheckCircle2' is defined but never used          @typescript-eslint/no-unused-vars
  30:10  warning  'showSuccess' is assigned a value but never used  @typescript-eslint/no-unused-vars

/Users/ejay/formaos/components/policies/policy-editor.tsx
  5:10  warning  'Save' is defined but never used          @typescript-eslint/no-unused-vars
  5:16  warning  'CheckCircle2' is defined but never used  @typescript-eslint/no-unused-vars

/Users/ejay/formaos/components/profile/credential-status-widget.tsx
  3:45  warning  'FileText' is defined but never used  @typescript-eslint/no-unused-vars

/Users/ejay/formaos/components/realtime/notification-center.tsx
   4:23  warning  'X' is defined but never used                              @typescript-eslint/no-unused-vars
  30:9   warning  'getNotificationColor' is assigned a value but never used  @typescript-eslint/no-unused-vars

/Users/ejay/formaos/components/realtime/presence-indicator.tsx
  37:49  warning  'index' is defined but never used. Allowed unused args must match /^_/u  @typescript-eslint/no-unused-vars

/Users/ejay/formaos/components/registers/add-certification-modal.tsx
  5:37  warning  'Calendar' is defined but never used  @typescript-eslint/no-unused-vars

/Users/ejay/formaos/components/sidebar.tsx
  18:3  warning  'ShieldCheck' is defined but never used   @typescript-eslint/no-unused-vars
  19:3  warning  'ChevronRight' is defined but never used  @typescript-eslint/no-unused-vars

/Users/ejay/formaos/components/tasks/evidence-button.tsx
  5:10  warning  'FileUp' is defined but never used  @typescript-eslint/no-unused-vars
  5:49  warning  'Shield' is defined but never used  @typescript-eslint/no-unused-vars

/Users/ejay/formaos/components/tasks/evidence-sheet.tsx
  6:34  warning  'FileText' is defined but never used  @typescript-eslint/no-unused-vars
  6:53  warning  'Download' is defined but never used  @typescript-eslint/no-unused-vars

/Users/ejay/formaos/components/team/invite-member-sheet.tsx
  61:40  warning  'targetUserId' is defined but never used. Allowed unused args must match /^_/u  @typescript-eslint/no-unused-vars

/Users/ejay/formaos/components/ui/data-table.tsx
  14:10  warning  'ChevronLeft' is defined but never used   @typescript-eslint/no-unused-vars
  14:23  warning  'ChevronRight' is defined but never used  @typescript-eslint/no-unused-vars
  14:37  warning  'ArrowUpDown' is defined but never used   @typescript-eslint/no-unused-vars

/Users/ejay/formaos/components/ui/submit-button.tsx
  4:38  warning  'AlertCircle' is defined but never used  @typescript-eslint/no-unused-vars

/Users/ejay/formaos/components/user-nav.tsx
  6:34  warning  'CreditCard' is defined but never used  @typescript-eslint/no-unused-vars

/Users/ejay/formaos/emails/invite-email.tsx
  8:3  warning  'Link' is defined but never used  @typescript-eslint/no-unused-vars

/Users/ejay/formaos/emails/welcome-email.tsx
  8:3  warning  'Img' is defined but never used  @typescript-eslint/no-unused-vars

/Users/ejay/formaos/lib/api-permission-guards.ts
  122:3   warning  'sameOrgOnly' is assigned a value but never used. Allowed unused args must match /^_/u  @typescript-eslint/no-unused-vars
  159:43  warning  'T' is defined but never used                                                           @typescript-eslint/no-unused-vars
  172:44  warning  'T' is defined but never used                                                           @typescript-eslint/no-unused-vars

/Users/ejay/formaos/lib/api/rate-limiter.ts
  78:3  warning  'endpoint' is defined but never used. Allowed unused args must match /^_/u  @typescript-eslint/no-unused-vars

/Users/ejay/formaos/lib/audit-trail.ts
  9:10  warning  'getCached' is defined but never used  @typescript-eslint/no-unused-vars
  9:21  warning  'CacheKeys' is defined but never used  @typescript-eslint/no-unused-vars

/Users/ejay/formaos/lib/cache.ts
  60:14  warning  'error' is defined but never used  @typescript-eslint/no-unused-vars

/Users/ejay/formaos/lib/dashboard/widgets.ts
  460:9  warning  'supabase' is assigned a value but never used  @typescript-eslint/no-unused-vars

/Users/ejay/formaos/lib/invitations/validate-invitation.ts
  143:11  warning  'invitation' is assigned a value but never used  @typescript-eslint/no-unused-vars
  241:19  warning  'invitation' is assigned a value but never used  @typescript-eslint/no-unused-vars

/Users/ejay/formaos/lib/monitoring-hooks.tsx
  11:9  warning  'startTimeRef' is assigned a value but never used  @typescript-eslint/no-unused-vars

/Users/ejay/formaos/lib/multi-org.ts
  9:21  warning  'CacheKeys' is defined but never used  @typescript-eslint/no-unused-vars

/Users/ejay/formaos/lib/notifications/email.ts
    9:10  warning  'logActivity' is defined but never used    @typescript-eslint/no-unused-vars
  400:9   warning  'html' is assigned a value but never used  @typescript-eslint/no-unused-vars

/Users/ejay/formaos/lib/reports.ts
  67:9  warning  'trend' is assigned a value but never used  @typescript-eslint/no-unused-vars

/Users/ejay/formaos/lib/search.ts
  189:3  warning  'filters' is defined but never used. Allowed unused args must match /^_/u  @typescript-eslint/no-unused-vars

/Users/ejay/formaos/lib/security.ts
  165:3  warning  'password' is defined but never used. Allowed unused args must match /^_/u  @typescript-eslint/no-unused-vars

/Users/ejay/formaos/lib/security/rate-limiter.ts
  165:37  warning  'request' is defined but never used. Allowed unused args must match /^_/u  @typescript-eslint/no-unused-vars

/Users/ejay/formaos/lib/system-state/actions.ts
   11:10  warning  'PLAN_FEATURES' is defined but never used     @typescript-eslint/no-unused-vars
   11:25  warning  'ROLE_PERMISSIONS' is defined but never used  @typescript-eslint/no-unused-vars
   67:13  warning  'allowed' is assigned a value but never used  @typescript-eslint/no-unused-vars
   67:29  warning  'reason' is assigned a value but never used   @typescript-eslint/no-unused-vars
  271:22  warning  'state' is assigned a value but never used    @typescript-eslint/no-unused-vars

/Users/ejay/formaos/lib/system-state/hydrator.tsx
  3:15  warning  'UserEntitlements' is defined but never used  @typescript-eslint/no-unused-vars
  4:10  warning  'headers' is defined but never used           @typescript-eslint/no-unused-vars

/Users/ejay/formaos/lib/workflow-engine.ts
  123:5  warning  'conditions' is defined but never used. Allowed unused args must match /^_/u  @typescript-eslint/no-unused-vars
  124:5  warning  'context' is defined but never used. Allowed unused args must match /^_/u     @typescript-eslint/no-unused-vars

/Users/ejay/formaos/node_wire_verification_test.js
  254:15  warning  'data' is assigned a value but never used  @typescript-eslint/no-unused-vars

/Users/ejay/formaos/run-e2e-qa-tests.js
  283:13  warning  'userId' is assigned a value but never used              @typescript-eslint/no-unused-vars
  452:13  warning  'orgId' is assigned a value but never used               @typescript-eslint/no-unused-vars
  457:11  warning  'expiredTrialOrg' is assigned a value but never used     @typescript-eslint/no-unused-vars
  531:11  warning  'restrictedFeatures' is assigned a value but never used  @typescript-eslint/no-unused-vars
  545:11  warning  'warningOrg' is assigned a value but never used          @typescript-eslint/no-unused-vars

/Users/ejay/formaos/run-pragmatic-e2e-tests.js
  150:19  warning  'verifyOrg' is assigned a value but never used  @typescript-eslint/no-unused-vars

/Users/ejay/formaos/scripts/site-audit.js
   32:12  warning  'e' is defined but never used  @typescript-eslint/no-unused-vars
  122:16  warning  'e' is defined but never used  @typescript-eslint/no-unused-vars

/Users/ejay/formaos/scripts/test-supabase-health.js
  112:17  warning  'data' is assigned a value but never used  @typescript-eslint/no-unused-vars
  132:19  warning  'data' is assigned a value but never used  @typescript-eslint/no-unused-vars
  141:18  warning  'err' is defined but never used            @typescript-eslint/no-unused-vars
  177:15  warning  'data' is assigned a value but never used  @typescript-eslint/no-unused-vars

/Users/ejay/formaos/selenium-tests/target/surefire-reports/jquery-3.6.0.min.js
  2:6029   warning  'e' is defined but never used  @typescript-eslint/no-unused-vars
  2:7057   warning  'e' is defined but never used  @typescript-eslint/no-unused-vars
  2:7361   warning  'e' is defined but never used  @typescript-eslint/no-unused-vars
  2:13191  warning  'e' is defined but never used  @typescript-eslint/no-unused-vars
  2:33977  warning  'e' is defined but never used  @typescript-eslint/no-unused-vars
  2:39685  warning  'e' is defined but never used  @typescript-eslint/no-unused-vars
  2:50795  warning  'e' is defined but never used  @typescript-eslint/no-unused-vars
  2:72825  warning  'e' is defined but never used  @typescript-eslint/no-unused-vars
  2:76890  warning  'e' is defined but never used  @typescript-eslint/no-unused-vars
  2:81650  warning  'e' is defined but never used  @typescript-eslint/no-unused-vars

/Users/ejay/formaos/selenium-tests/target/surefire-reports/testng-reports.js
  108:10  warning  'drawTable' is defined but never used  @typescript-eslint/no-unused-vars

/Users/ejay/formaos/test-cta-buttons.js
  193:20  warning  'recoveryError' is defined but never used  @typescript-eslint/no-unused-vars

/Users/ejay/formaos/tests/ab-testing/ab-test-cli.ts
  258:14  warning  'error' is defined but never used  @typescript-eslint/no-unused-vars

/Users/ejay/formaos/tests/accessibility/a11y-audit.js
  7:7  warning  'axeCore' is assigned a value but never used  @typescript-eslint/no-unused-vars

/Users/ejay/formaos/tests/compliance/gdpr-compliance.js
  7:7  warning  'fs' is assigned a value but never used    @typescript-eslint/no-unused-vars
  8:7  warning  'path' is assigned a value but never used  @typescript-eslint/no-unused-vars

/Users/ejay/formaos/tests/compliance/soc2-compliance.js
  7:7  warning  'fs' is assigned a value but never used      @typescript-eslint/no-unused-vars
  8:7  warning  'https' is assigned a value but never used   @typescript-eslint/no-unused-vars
  9:7  warning  'crypto' is assigned a value but never used  @typescript-eslint/no-unused-vars

/Users/ejay/formaos/tests/cta.spec.ts
  22:22  warning  'e' is defined but never used             @typescript-eslint/no-unused-vars
  44:20  warning  'e' is defined but never used             @typescript-eslint/no-unused-vars
  70:19  warning  'nav' is assigned a value but never used  @typescript-eslint/no-unused-vars

/Users/ejay/formaos/tests/load/k6-performance.js
  127:37  warning  'r' is defined but never used. Allowed unused args must match /^_/u  @typescript-eslint/no-unused-vars
  138:18  warning  'error' is defined but never used                                    @typescript-eslint/no-unused-vars
  164:41  warning  'r' is defined but never used. Allowed unused args must match /^_/u  @typescript-eslint/no-unused-vars
  195:54  warning  'r' is defined but never used. Allowed unused args must match /^_/u  @typescript-eslint/no-unused-vars

/Users/ejay/formaos/tests/load/processors/auth-processor.js
  89:25  warning  'body' is assigned a value but never used  @typescript-eslint/no-unused-vars

/Users/ejay/formaos/tests/visual/cross-browser.js
  6:9   warning  'test' is assigned a value but never used    @typescript-eslint/no-unused-vars
  6:15  warning  'expect' is assigned a value but never used  @typescript-eslint/no-unused-vars

/Users/ejay/formaos/tests/visual/scripts/adminAuth.js
  6:41  warning  'vp' is defined but never used. Allowed unused args must match /^_/u  @typescript-eslint/no-unused-vars

/Users/ejay/formaos/tests/visual/scripts/auth.js
  6:41  warning  'vp' is defined but never used. Allowed unused args must match /^_/u  @typescript-eslint/no-unused-vars

/Users/ejay/formaos/tests/visual/scripts/onBefore.js
  6:41  warning  'vp' is defined but never used. Allowed unused args must match /^_/u  @typescript-eslint/no-unused-vars

/Users/ejay/formaos/tests/visual/scripts/onReady.js
  6:41  warning  'vp' is defined but never used. Allowed unused args must match /^_/u  @typescript-eslint/no-unused-vars

✖ 282 problems (0 errors, 282 warnings)

