[1A[2K[WebServer] [33m[1m⚠[22m[39m Warning: Next.js inferred your workspace root, but it may not be correct.
[WebServer]  We detected multiple lockfiles and selected the directory of /Users/ejay/package-lock.json as the root directory.
[WebServer]  To silence this warning, set `outputFileTracingRoot` in your Next.js config, or consider removing one of the lockfiles if it's not needed.
[WebServer]    See https://nextjs.org/docs/app/api-reference/config/next-config-js/output#caveats for more information.
[WebServer]  Detected additional lockfiles: 
[WebServer]    * /Users/ejay/formaos/package-lock.json
[WebServer] 

[1A[2K[WebServer] [33m[1m⚠[22m[39m The "middleware" file convention is deprecated. Please use "proxy" instead. Learn more: https://nextjs.org/docs/messages/middleware-to-proxy

[1A[2K[WebServer] [33m[1m⚠[22m[39m Using edge runtime on a page currently disables static generation for that page

[1A[2K[WebServer] [33m[1m⚠[22m[39m Warning: Next.js inferred your workspace root, but it may not be correct.
[WebServer]  We detected multiple lockfiles and selected the directory of /Users/ejay/package-lock.json as the root directory.
[WebServer]  To silence this warning, set `outputFileTracingRoot` in your Next.js config, or consider removing one of the lockfiles if it's not needed.
[WebServer]    See https://nextjs.org/docs/app/api-reference/config/next-config-js/output#caveats for more information.
[WebServer]  Detected additional lockfiles: 
[WebServer]    * /Users/ejay/formaos/package-lock.json
[WebServer] 


Running 170 tests using 4 workers

[1A[2K[1/170] [chromium] › e2e/cta.spec.ts:56:7 › Marketing CTA wiring › header CTAs route to app domain on all marketing pages
[1A[2K[2/170] [chromium] › e2e/cta.spec.ts:107:7 › Marketing CTA wiring › pricing plan actions route to app or contact
[1A[2K[3/170] [chromium] › e2e/cta.spec.ts:131:7 › Marketing CTA wiring › footer links are present and non-empty
[1A[2K[4/170] [chromium] › e2e/cta.spec.ts:86:7 › Marketing CTA wiring › homepage primary CTAs route correctly
[1A[2K[5/170] [chromium] › e2e/node-wire.spec.ts:122:9 › FormaOS Node & Wire Integrity Tests › Public Website Navigation › should display all navigation links in header
[1A[2K[6/170] [chromium] › e2e/node-wire.spec.ts:164:9 › FormaOS Node & Wire Integrity Tests › Public Website Navigation › should navigate to Home page
[1A[2K[7/170] [chromium] › e2e/node-wire.spec.ts:171:9 › FormaOS Node & Wire Integrity Tests › Public Website Navigation › should navigate to Product page
[1A[2K[8/170] [chromium] › e2e/node-wire.spec.ts:178:9 › FormaOS Node & Wire Integrity Tests › Public Website Navigation › should navigate to Industries page
[1A[2K[9/170] [chromium] › e2e/node-wire.spec.ts:190:9 › FormaOS Node & Wire Integrity Tests › Public Website Navigation › should navigate to Security page
[1A[2K[10/170] [chromium] › e2e/node-wire.spec.ts:197:9 › FormaOS Node & Wire Integrity Tests › Public Website Navigation › should navigate to Pricing page
[1A[2K[11/170] [chromium] › e2e/node-wire.spec.ts:204:9 › FormaOS Node & Wire Integrity Tests › Public Website Navigation › [NEW] should navigate to About page
[1A[2K[12/170] [chromium] › e2e/node-wire.spec.ts:211:9 › FormaOS Node & Wire Integrity Tests › Public Website Navigation › should navigate to Contact page
[1A[2K[13/170] [chromium] › e2e/node-wire.spec.ts:224:9 › FormaOS Node & Wire Integrity Tests › Header CTA Buttons › should navigate to Login page
[1A[2K[14/170] [chromium] › e2e/node-wire.spec.ts:235:9 › FormaOS Node & Wire Integrity Tests › Header CTA Buttons › should navigate to Pricing from Plans button
[1A[2K[15/170] [chromium] › e2e/node-wire.spec.ts:243:9 › FormaOS Node & Wire Integrity Tests › Header CTA Buttons › [UPDATED] should navigate to Signup with plan parameter
[1A[2K[16/170] [chromium] › e2e/node-wire.spec.ts:277:9 › FormaOS Node & Wire Integrity Tests › Homepage CTAs › should have Start Free Trial CTA with plan parameter
[1A[2K[17/170] [chromium] › e2e/node-wire.spec.ts:307:9 › FormaOS Node & Wire Integrity Tests › Homepage CTAs › should navigate to Contact from Request Demo
[1A[2K[18/170] [chromium] › e2e/node-wire.spec.ts:321:9 › FormaOS Node & Wire Integrity Tests › Homepage CTAs › should navigate to Contact from Schedule Demo
[1A[2K[chromium] › e2e/node-wire.spec.ts:277:9 › FormaOS Node & Wire Integrity Tests › Homepage CTAs › should have Start Free Trial CTA with plan parameter
Found 3 start-free CTAs on homepage

[1A[2K[19/170] [chromium] › e2e/node-wire.spec.ts:342:9 › FormaOS Node & Wire Integrity Tests › Mobile Navigation › should open mobile menu and show all links
[1A[2K[20/170] [chromium] › e2e/node-wire.spec.ts:357:9 › FormaOS Node & Wire Integrity Tests › Mobile Navigation › [NEW] should navigate to About from mobile menu
[1A[2K[21/170] [chromium] › e2e/node-wire.spec.ts:382:9 › FormaOS Node & Wire Integrity Tests › Middleware Redirects › should redirect /auth to /auth/signin
[1A[2K[22/170] [chromium] › e2e/node-wire.spec.ts:387:9 › FormaOS Node & Wire Integrity Tests › Middleware Redirects › should redirect OAuth code at root to callback
[1A[2K[23/170] [chromium] › e2e/node-wire.spec.ts:403:9 › FormaOS Node & Wire Integrity Tests › Middleware Redirects › should redirect unauthenticated /app to signin
[1A[2K[WebServer] OAuth exchange failed: Error [AuthPKCECodeVerifierMissingError]: PKCE code verifier not found in storage. This can happen if the auth flow was initiated in a different browser or device, or if the storage was cleared. For SSR frameworks (Next.js, SvelteKit, etc.), use @supabase/ssr on both the server and client to store the code verifier in cookies.
[WebServer]     at cs._exchangeCodeForSession (.next/server/chunks/4218.js:37:5528)
[WebServer]     at async (.next/server/chunks/4218.js:37:11698) {
[WebServer]   __isAuthError: [33mtrue[39m,
[WebServer]   status: [33m400[39m,
[WebServer]   code: [32m'pkce_code_verifier_not_found'[39m
[WebServer] }

[1A[2K[24/170] [chromium] › e2e/node-wire.spec.ts:411:9 › FormaOS Node & Wire Integrity Tests › Middleware Redirects › should redirect unauthenticated /admin to signin
[1A[2K[25/170] [chromium] › e2e/node-wire.spec.ts:427:9 › FormaOS Node & Wire Integrity Tests › Error Pages › should display 404 page for non-existent route
[1A[2K[26/170] [chromium] › e2e/node-wire.spec.ts:434:9 › FormaOS Node & Wire Integrity Tests › Error Pages › should display unauthorized page
[1A[2K[27/170] [chromium] › e2e/node-wire.spec.ts:449:9 › FormaOS Node & Wire Integrity Tests › Page Load Performance › should load homepage within 3 seconds
[1A[2K[28/170] [chromium] › e2e/node-wire.spec.ts:458:9 › FormaOS Node & Wire Integrity Tests › Page Load Performance › should load About page within 3 seconds
[1A[2K[chromium] › e2e/node-wire.spec.ts:449:9 › FormaOS Node & Wire Integrity Tests › Page Load Performance › should load homepage within 3 seconds
Homepage loaded in 898ms

[1A[2K[chromium] › e2e/node-wire.spec.ts:458:9 › FormaOS Node & Wire Integrity Tests › Page Load Performance › should load About page within 3 seconds
About page loaded in 838ms

[1A[2K[29/170] [chromium] › e2e/node-wire.spec.ts:473:9 › FormaOS Node & Wire Integrity Tests › Console Error Detection › should not have console errors on homepage
[1A[2K[30/170] [chromium] › e2e/node-wire.spec.ts:500:9 › FormaOS Node & Wire Integrity Tests › Console Error Detection › should not have console errors on About page
[1A[2K[31/170] [chromium] › e2e/node-wire.spec.ts:522:9 › FormaOS Node & Wire Integrity Tests › Basic Accessibility › should have proper page titles
[1A[2K[chromium] › e2e/node-wire.spec.ts:500:9 › FormaOS Node & Wire Integrity Tests › Console Error Detection › should not have console errors on About page
Console errors found: []

[1A[2K[chromium] › e2e/node-wire.spec.ts:473:9 › FormaOS Node & Wire Integrity Tests › Console Error Detection › should not have console errors on homepage
Console errors found: []

[1A[2KRelevant console errors: []

[1A[2K[32/170] [chromium] › e2e/node-wire.spec.ts:529:9 › FormaOS Node & Wire Integrity Tests › Basic Accessibility › should have accessible navigation
[1A[2K[33/170] [chromium] › e2e/node-wire.spec.ts:560:8 › Authenticated User Tests › should access app dashboard when authenticated
[1A[2K[34/170] [chromium] › e2e/node-wire.spec.ts:570:8 › Authenticated User Tests › should redirect to /admin for founder users
[1A[2K[35/170] [firefox] › e2e/cta.spec.ts:56:7 › Marketing CTA wiring › header CTAs route to app domain on all marketing pages
[1A[2K[36/170] [firefox] › e2e/cta.spec.ts:86:7 › Marketing CTA wiring › homepage primary CTAs route correctly
[1A[2K[37/170] [firefox] › e2e/cta.spec.ts:107:7 › Marketing CTA wiring › pricing plan actions route to app or contact
[1A[2K[38/170] [firefox] › e2e/cta.spec.ts:131:7 › Marketing CTA wiring › footer links are present and non-empty
[1A[2K[39/170] [firefox] › e2e/node-wire.spec.ts:122:9 › FormaOS Node & Wire Integrity Tests › Public Website Navigation › should display all navigation links in header
[1A[2K[40/170] [firefox] › e2e/node-wire.spec.ts:164:9 › FormaOS Node & Wire Integrity Tests › Public Website Navigation › should navigate to Home page
[1A[2K[41/170] [firefox] › e2e/node-wire.spec.ts:171:9 › FormaOS Node & Wire Integrity Tests › Public Website Navigation › should navigate to Product page
[1A[2K[42/170] [firefox] › e2e/node-wire.spec.ts:178:9 › FormaOS Node & Wire Integrity Tests › Public Website Navigation › should navigate to Industries page
[1A[2K[43/170] [firefox] › e2e/node-wire.spec.ts:190:9 › FormaOS Node & Wire Integrity Tests › Public Website Navigation › should navigate to Security page
[1A[2K[44/170] [firefox] › e2e/node-wire.spec.ts:197:9 › FormaOS Node & Wire Integrity Tests › Public Website Navigation › should navigate to Pricing page
[1A[2K[45/170] [firefox] › e2e/node-wire.spec.ts:204:9 › FormaOS Node & Wire Integrity Tests › Public Website Navigation › [NEW] should navigate to About page
[1A[2K[46/170] [firefox] › e2e/node-wire.spec.ts:211:9 › FormaOS Node & Wire Integrity Tests › Public Website Navigation › should navigate to Contact page
[1A[2K[47/170] [firefox] › e2e/node-wire.spec.ts:224:9 › FormaOS Node & Wire Integrity Tests › Header CTA Buttons › should navigate to Login page
[1A[2K[48/170] [firefox] › e2e/node-wire.spec.ts:235:9 › FormaOS Node & Wire Integrity Tests › Header CTA Buttons › should navigate to Pricing from Plans button
[1A[2K[49/170] [firefox] › e2e/node-wire.spec.ts:243:9 › FormaOS Node & Wire Integrity Tests › Header CTA Buttons › [UPDATED] should navigate to Signup with plan parameter
[1A[2K[50/170] [firefox] › e2e/node-wire.spec.ts:277:9 › FormaOS Node & Wire Integrity Tests › Homepage CTAs › should have Start Free Trial CTA with plan parameter
[1A[2K[51/170] [firefox] › e2e/node-wire.spec.ts:307:9 › FormaOS Node & Wire Integrity Tests › Homepage CTAs › should navigate to Contact from Request Demo
[1A[2K[firefox] › e2e/node-wire.spec.ts:277:9 › FormaOS Node & Wire Integrity Tests › Homepage CTAs › should have Start Free Trial CTA with plan parameter
Found 3 start-free CTAs on homepage

[1A[2K[52/170] [firefox] › e2e/node-wire.spec.ts:321:9 › FormaOS Node & Wire Integrity Tests › Homepage CTAs › should navigate to Contact from Schedule Demo
[1A[2K[53/170] [firefox] › e2e/node-wire.spec.ts:342:9 › FormaOS Node & Wire Integrity Tests › Mobile Navigation › should open mobile menu and show all links
[1A[2K[54/170] [firefox] › e2e/node-wire.spec.ts:357:9 › FormaOS Node & Wire Integrity Tests › Mobile Navigation › [NEW] should navigate to About from mobile menu
[1A[2K[55/170] [firefox] › e2e/node-wire.spec.ts:382:9 › FormaOS Node & Wire Integrity Tests › Middleware Redirects › should redirect /auth to /auth/signin
[1A[2K[56/170] [firefox] › e2e/node-wire.spec.ts:387:9 › FormaOS Node & Wire Integrity Tests › Middleware Redirects › should redirect OAuth code at root to callback
[1A[2K[WebServer] OAuth exchange failed: Error [AuthPKCECodeVerifierMissingError]: PKCE code verifier not found in storage. This can happen if the auth flow was initiated in a different browser or device, or if the storage was cleared. For SSR frameworks (Next.js, SvelteKit, etc.), use @supabase/ssr on both the server and client to store the code verifier in cookies.
[WebServer]     at cs._exchangeCodeForSession (.next/server/chunks/4218.js:37:5528)
[WebServer]     at async (.next/server/chunks/4218.js:37:11698) {
[WebServer]   __isAuthError: [33mtrue[39m,
[WebServer]   status: [33m400[39m,
[WebServer]   code: [32m'pkce_code_verifier_not_found'[39m
[WebServer] }

[1A[2K[57/170] [firefox] › e2e/node-wire.spec.ts:403:9 › FormaOS Node & Wire Integrity Tests › Middleware Redirects › should redirect unauthenticated /app to signin
[1A[2K[58/170] [firefox] › e2e/node-wire.spec.ts:411:9 › FormaOS Node & Wire Integrity Tests › Middleware Redirects › should redirect unauthenticated /admin to signin
[1A[2K[59/170] [firefox] › e2e/node-wire.spec.ts:427:9 › FormaOS Node & Wire Integrity Tests › Error Pages › should display 404 page for non-existent route
[1A[2K[60/170] [firefox] › e2e/node-wire.spec.ts:434:9 › FormaOS Node & Wire Integrity Tests › Error Pages › should display unauthorized page
[1A[2K[61/170] [firefox] › e2e/node-wire.spec.ts:449:9 › FormaOS Node & Wire Integrity Tests › Page Load Performance › should load homepage within 3 seconds
[1A[2K[62/170] [firefox] › e2e/node-wire.spec.ts:458:9 › FormaOS Node & Wire Integrity Tests › Page Load Performance › should load About page within 3 seconds
[1A[2K[firefox] › e2e/node-wire.spec.ts:449:9 › FormaOS Node & Wire Integrity Tests › Page Load Performance › should load homepage within 3 seconds
Homepage loaded in 1139ms

[1A[2K[firefox] › e2e/node-wire.spec.ts:458:9 › FormaOS Node & Wire Integrity Tests › Page Load Performance › should load About page within 3 seconds
About page loaded in 1002ms

[1A[2K[63/170] [firefox] › e2e/node-wire.spec.ts:473:9 › FormaOS Node & Wire Integrity Tests › Console Error Detection › should not have console errors on homepage
[1A[2K[64/170] [firefox] › e2e/node-wire.spec.ts:500:9 › FormaOS Node & Wire Integrity Tests › Console Error Detection › should not have console errors on About page
[1A[2K  1) [firefox] › e2e/node-wire.spec.ts:307:9 › FormaOS Node & Wire Integrity Tests › Homepage CTAs › should navigate to Contact from Request Demo 

    Error: [2mexpect([22m[31mpage[39m[2m).[22mtoHaveURL[2m([22m[32mexpected[39m[2m)[22m failed

    Expected pattern: [32m/^(http:\/\/localhost:3000)\/contact\/?$/[39m
    Received string:  [31m"http://localhost:3000/"[39m
    Timeout: 10000ms

    Call log:
    [2m  - Expect "toHaveURL" with timeout 10000ms[22m
    [2m    13 × unexpected value "http://localhost:3000/"[22m


      62 |
      63 | const expectOnSitePath = async (page: Page, path: string) => {
    > 64 |   await expect(page).toHaveURL(buildSiteUrlRegex(path));
         |                      ^
      65 | };
      66 |
      67 | const expectOnAppPath = async (page: Page, path: string) => {
        at expectOnSitePath (/Users/ejay/formaos/e2e/node-wire.spec.ts:64:22)
        at /Users/ejay/formaos/e2e/node-wire.spec.ts:318:13

    attachment #1: screenshot (image/png) ──────────────────────────────────────────────────────────
    test-results/node-wire-FormaOS-Node-Wir-a558b-o-Contact-from-Request-Demo-firefox/test-failed-1.png
    ────────────────────────────────────────────────────────────────────────────────────────────────

    attachment #2: video (video/webm) ──────────────────────────────────────────────────────────────
    test-results/node-wire-FormaOS-Node-Wir-a558b-o-Contact-from-Request-Demo-firefox/video.webm
    ────────────────────────────────────────────────────────────────────────────────────────────────

    Error Context: test-results/node-wire-FormaOS-Node-Wir-a558b-o-Contact-from-Request-Demo-firefox/error-context.md


[1A[2K[65/170] [firefox] › e2e/node-wire.spec.ts:522:9 › FormaOS Node & Wire Integrity Tests › Basic Accessibility › should have proper page titles
[1A[2K[firefox] › e2e/node-wire.spec.ts:473:9 › FormaOS Node & Wire Integrity Tests › Console Error Detection › should not have console errors on homepage
Console errors found: []

[1A[2KRelevant console errors: []

[1A[2K[firefox] › e2e/node-wire.spec.ts:500:9 › FormaOS Node & Wire Integrity Tests › Console Error Detection › should not have console errors on About page
Console errors found: []

[1A[2K[66/170] [firefox] › e2e/node-wire.spec.ts:529:9 › FormaOS Node & Wire Integrity Tests › Basic Accessibility › should have accessible navigation
[1A[2K[67/170] [firefox] › e2e/node-wire.spec.ts:560:8 › Authenticated User Tests › should access app dashboard when authenticated
[1A[2K[68/170] [firefox] › e2e/node-wire.spec.ts:570:8 › Authenticated User Tests › should redirect to /admin for founder users
[1A[2K[69/170] [webkit] › e2e/cta.spec.ts:56:7 › Marketing CTA wiring › header CTAs route to app domain on all marketing pages
[1A[2K[70/170] [webkit] › e2e/cta.spec.ts:86:7 › Marketing CTA wiring › homepage primary CTAs route correctly
[1A[2K[71/170] [webkit] › e2e/cta.spec.ts:107:7 › Marketing CTA wiring › pricing plan actions route to app or contact
[1A[2K[72/170] [webkit] › e2e/cta.spec.ts:131:7 › Marketing CTA wiring › footer links are present and non-empty
[1A[2K[73/170] [webkit] › e2e/node-wire.spec.ts:122:9 › FormaOS Node & Wire Integrity Tests › Public Website Navigation › should display all navigation links in header
[1A[2K[74/170] [webkit] › e2e/node-wire.spec.ts:164:9 › FormaOS Node & Wire Integrity Tests › Public Website Navigation › should navigate to Home page
[1A[2K[75/170] [webkit] › e2e/node-wire.spec.ts:171:9 › FormaOS Node & Wire Integrity Tests › Public Website Navigation › should navigate to Product page
[1A[2K[76/170] [webkit] › e2e/node-wire.spec.ts:178:9 › FormaOS Node & Wire Integrity Tests › Public Website Navigation › should navigate to Industries page
[1A[2K[77/170] [webkit] › e2e/node-wire.spec.ts:190:9 › FormaOS Node & Wire Integrity Tests › Public Website Navigation › should navigate to Security page
[1A[2K[78/170] [webkit] › e2e/node-wire.spec.ts:197:9 › FormaOS Node & Wire Integrity Tests › Public Website Navigation › should navigate to Pricing page
[1A[2K[79/170] [webkit] › e2e/node-wire.spec.ts:204:9 › FormaOS Node & Wire Integrity Tests › Public Website Navigation › [NEW] should navigate to About page
[1A[2K[80/170] [webkit] › e2e/node-wire.spec.ts:211:9 › FormaOS Node & Wire Integrity Tests › Public Website Navigation › should navigate to Contact page
[1A[2K[81/170] [webkit] › e2e/node-wire.spec.ts:224:9 › FormaOS Node & Wire Integrity Tests › Header CTA Buttons › should navigate to Login page
[1A[2K[82/170] [webkit] › e2e/node-wire.spec.ts:235:9 › FormaOS Node & Wire Integrity Tests › Header CTA Buttons › should navigate to Pricing from Plans button
[1A[2K[83/170] [webkit] › e2e/node-wire.spec.ts:243:9 › FormaOS Node & Wire Integrity Tests › Header CTA Buttons › [UPDATED] should navigate to Signup with plan parameter
[1A[2K[84/170] [webkit] › e2e/node-wire.spec.ts:277:9 › FormaOS Node & Wire Integrity Tests › Homepage CTAs › should have Start Free Trial CTA with plan parameter
[1A[2K[webkit] › e2e/node-wire.spec.ts:277:9 › FormaOS Node & Wire Integrity Tests › Homepage CTAs › should have Start Free Trial CTA with plan parameter
Found 3 start-free CTAs on homepage

[1A[2K[85/170] [webkit] › e2e/node-wire.spec.ts:307:9 › FormaOS Node & Wire Integrity Tests › Homepage CTAs › should navigate to Contact from Request Demo
[1A[2K[86/170] [webkit] › e2e/node-wire.spec.ts:321:9 › FormaOS Node & Wire Integrity Tests › Homepage CTAs › should navigate to Contact from Schedule Demo
[1A[2K  2) [firefox] › e2e/cta.spec.ts:86:7 › Marketing CTA wiring › homepage primary CTAs route correctly 

    [31mTest timeout of 120000ms exceeded.[39m

    Error: page.waitForURL: Test timeout of 120000ms exceeded.
    =========================== logs ===========================
    waiting for navigation until "load"
    ============================================================

      100 |     await expect(requestDemo).toBeVisible();
      101 |     await Promise.all([
    > 102 |       page.waitForURL(new RegExp(`${SITE_BASE}/contact/?$`)),
          |            ^
      103 |       requestDemo.click({ force: true }),
      104 |     ]);
      105 |   });
        at /Users/ejay/formaos/e2e/cta.spec.ts:102:12

    attachment #1: screenshot (image/png) ──────────────────────────────────────────────────────────
    test-results/cta-Marketing-CTA-wiring-h-33c1d-rimary-CTAs-route-correctly-firefox/test-failed-1.png
    ────────────────────────────────────────────────────────────────────────────────────────────────

    attachment #2: video (video/webm) ──────────────────────────────────────────────────────────────
    test-results/cta-Marketing-CTA-wiring-h-33c1d-rimary-CTAs-route-correctly-firefox/video.webm
    ────────────────────────────────────────────────────────────────────────────────────────────────

    Error Context: test-results/cta-Marketing-CTA-wiring-h-33c1d-rimary-CTAs-route-correctly-firefox/error-context.md


[1A[2K[87/170] [webkit] › e2e/node-wire.spec.ts:357:9 › FormaOS Node & Wire Integrity Tests › Mobile Navigation › [NEW] should navigate to About from mobile menu
[1A[2K[88/170] [webkit] › e2e/node-wire.spec.ts:382:9 › FormaOS Node & Wire Integrity Tests › Middleware Redirects › should redirect /auth to /auth/signin
[1A[2K[89/170] [webkit] › e2e/node-wire.spec.ts:342:9 › FormaOS Node & Wire Integrity Tests › Mobile Navigation › should open mobile menu and show all links
[1A[2K[90/170] [webkit] › e2e/node-wire.spec.ts:387:9 › FormaOS Node & Wire Integrity Tests › Middleware Redirects › should redirect OAuth code at root to callback
[1A[2K[WebServer] OAuth exchange failed: Error [AuthPKCECodeVerifierMissingError]: PKCE code verifier not found in storage. This can happen if the auth flow was initiated in a different browser or device, or if the storage was cleared. For SSR frameworks (Next.js, SvelteKit, etc.), use @supabase/ssr on both the server and client to store the code verifier in cookies.
[WebServer]     at cs._exchangeCodeForSession (.next/server/chunks/4218.js:37:5528)
[WebServer]     at async (.next/server/chunks/4218.js:37:11698) {
[WebServer]   __isAuthError: [33mtrue[39m,
[WebServer]   status: [33m400[39m,
[WebServer]   code: [32m'pkce_code_verifier_not_found'[39m
[WebServer] }

[1A[2K[91/170] [webkit] › e2e/node-wire.spec.ts:403:9 › FormaOS Node & Wire Integrity Tests › Middleware Redirects › should redirect unauthenticated /app to signin
[1A[2K[92/170] [webkit] › e2e/node-wire.spec.ts:411:9 › FormaOS Node & Wire Integrity Tests › Middleware Redirects › should redirect unauthenticated /admin to signin
[1A[2K[93/170] [webkit] › e2e/node-wire.spec.ts:427:9 › FormaOS Node & Wire Integrity Tests › Error Pages › should display 404 page for non-existent route
[1A[2K[94/170] [webkit] › e2e/node-wire.spec.ts:434:9 › FormaOS Node & Wire Integrity Tests › Error Pages › should display unauthorized page
[1A[2K[95/170] [webkit] › e2e/node-wire.spec.ts:449:9 › FormaOS Node & Wire Integrity Tests › Page Load Performance › should load homepage within 3 seconds
[1A[2K[96/170] [webkit] › e2e/node-wire.spec.ts:458:9 › FormaOS Node & Wire Integrity Tests › Page Load Performance › should load About page within 3 seconds
[1A[2K[97/170] [webkit] › e2e/node-wire.spec.ts:473:9 › FormaOS Node & Wire Integrity Tests › Console Error Detection › should not have console errors on homepage
[1A[2K[webkit] › e2e/node-wire.spec.ts:449:9 › FormaOS Node & Wire Integrity Tests › Page Load Performance › should load homepage within 3 seconds
Homepage loaded in 732ms

[1A[2K[webkit] › e2e/node-wire.spec.ts:458:9 › FormaOS Node & Wire Integrity Tests › Page Load Performance › should load About page within 3 seconds
About page loaded in 1430ms

[1A[2K[webkit] › e2e/node-wire.spec.ts:473:9 › FormaOS Node & Wire Integrity Tests › Console Error Detection › should not have console errors on homepage
Console errors found: []

[1A[2KRelevant console errors: []

[1A[2K[98/170] [webkit] › e2e/node-wire.spec.ts:500:9 › FormaOS Node & Wire Integrity Tests › Console Error Detection › should not have console errors on About page
[1A[2K[99/170] [webkit] › e2e/node-wire.spec.ts:522:9 › FormaOS Node & Wire Integrity Tests › Basic Accessibility › should have proper page titles
[1A[2K[webkit] › e2e/node-wire.spec.ts:500:9 › FormaOS Node & Wire Integrity Tests › Console Error Detection › should not have console errors on About page
Console errors found: []

[1A[2K[100/170] [webkit] › e2e/node-wire.spec.ts:529:9 › FormaOS Node & Wire Integrity Tests › Basic Accessibility › should have accessible navigation
[1A[2K[101/170] [webkit] › e2e/node-wire.spec.ts:560:8 › Authenticated User Tests › should access app dashboard when authenticated
[1A[2K[102/170] [webkit] › e2e/node-wire.spec.ts:570:8 › Authenticated User Tests › should redirect to /admin for founder users
[1A[2K[103/170] [Mobile Chrome] › e2e/cta.spec.ts:56:7 › Marketing CTA wiring › header CTAs route to app domain on all marketing pages
[1A[2K[104/170] [Mobile Chrome] › e2e/cta.spec.ts:86:7 › Marketing CTA wiring › homepage primary CTAs route correctly
[1A[2K[105/170] [Mobile Chrome] › e2e/cta.spec.ts:107:7 › Marketing CTA wiring › pricing plan actions route to app or contact
[1A[2K[106/170] [Mobile Chrome] › e2e/cta.spec.ts:131:7 › Marketing CTA wiring › footer links are present and non-empty
[1A[2K[107/170] [Mobile Chrome] › e2e/node-wire.spec.ts:122:9 › FormaOS Node & Wire Integrity Tests › Public Website Navigation › should display all navigation links in header
[1A[2K[108/170] [Mobile Chrome] › e2e/node-wire.spec.ts:171:9 › FormaOS Node & Wire Integrity Tests › Public Website Navigation › should navigate to Product page
[1A[2K[109/170] [Mobile Chrome] › e2e/node-wire.spec.ts:178:9 › FormaOS Node & Wire Integrity Tests › Public Website Navigation › should navigate to Industries page
[1A[2K[110/170] [Mobile Chrome] › e2e/node-wire.spec.ts:164:9 › FormaOS Node & Wire Integrity Tests › Public Website Navigation › should navigate to Home page
[1A[2K[111/170] [Mobile Chrome] › e2e/node-wire.spec.ts:190:9 › FormaOS Node & Wire Integrity Tests › Public Website Navigation › should navigate to Security page
[1A[2K[112/170] [Mobile Chrome] › e2e/node-wire.spec.ts:197:9 › FormaOS Node & Wire Integrity Tests › Public Website Navigation › should navigate to Pricing page
[1A[2K[113/170] [Mobile Chrome] › e2e/node-wire.spec.ts:204:9 › FormaOS Node & Wire Integrity Tests › Public Website Navigation › [NEW] should navigate to About page
[1A[2K[114/170] [Mobile Chrome] › e2e/node-wire.spec.ts:211:9 › FormaOS Node & Wire Integrity Tests › Public Website Navigation › should navigate to Contact page
[1A[2K[115/170] [Mobile Chrome] › e2e/node-wire.spec.ts:224:9 › FormaOS Node & Wire Integrity Tests › Header CTA Buttons › should navigate to Login page
[1A[2K[116/170] [Mobile Chrome] › e2e/node-wire.spec.ts:235:9 › FormaOS Node & Wire Integrity Tests › Header CTA Buttons › should navigate to Pricing from Plans button
[1A[2K[117/170] [Mobile Chrome] › e2e/node-wire.spec.ts:243:9 › FormaOS Node & Wire Integrity Tests › Header CTA Buttons › [UPDATED] should navigate to Signup with plan parameter
[1A[2K[118/170] [Mobile Chrome] › e2e/node-wire.spec.ts:277:9 › FormaOS Node & Wire Integrity Tests › Homepage CTAs › should have Start Free Trial CTA with plan parameter
[1A[2K[119/170] [Mobile Chrome] › e2e/node-wire.spec.ts:307:9 › FormaOS Node & Wire Integrity Tests › Homepage CTAs › should navigate to Contact from Request Demo
[1A[2K[120/170] [Mobile Chrome] › e2e/node-wire.spec.ts:321:9 › FormaOS Node & Wire Integrity Tests › Homepage CTAs › should navigate to Contact from Schedule Demo
[1A[2K[Mobile Chrome] › e2e/node-wire.spec.ts:277:9 › FormaOS Node & Wire Integrity Tests › Homepage CTAs › should have Start Free Trial CTA with plan parameter
Found 3 start-free CTAs on homepage

[1A[2K[121/170] [Mobile Chrome] › e2e/node-wire.spec.ts:342:9 › FormaOS Node & Wire Integrity Tests › Mobile Navigation › should open mobile menu and show all links
[1A[2K[122/170] [Mobile Chrome] › e2e/node-wire.spec.ts:357:9 › FormaOS Node & Wire Integrity Tests › Mobile Navigation › [NEW] should navigate to About from mobile menu
[1A[2K[123/170] [Mobile Chrome] › e2e/node-wire.spec.ts:382:9 › FormaOS Node & Wire Integrity Tests › Middleware Redirects › should redirect /auth to /auth/signin
[1A[2K[124/170] [Mobile Chrome] › e2e/node-wire.spec.ts:387:9 › FormaOS Node & Wire Integrity Tests › Middleware Redirects › should redirect OAuth code at root to callback
[1A[2K[WebServer] OAuth exchange failed: Error [AuthPKCECodeVerifierMissingError]: PKCE code verifier not found in storage. This can happen if the auth flow was initiated in a different browser or device, or if the storage was cleared. For SSR frameworks (Next.js, SvelteKit, etc.), use @supabase/ssr on both the server and client to store the code verifier in cookies.
[WebServer]     at cs._exchangeCodeForSession (.next/server/chunks/4218.js:37:5528)
[WebServer]     at async (.next/server/chunks/4218.js:37:11698) {
[WebServer]   __isAuthError: [33mtrue[39m,
[WebServer]   status: [33m400[39m,
[WebServer]   code: [32m'pkce_code_verifier_not_found'[39m
[WebServer] }

[1A[2K[125/170] [Mobile Chrome] › e2e/node-wire.spec.ts:403:9 › FormaOS Node & Wire Integrity Tests › Middleware Redirects › should redirect unauthenticated /app to signin
[1A[2K[126/170] [Mobile Chrome] › e2e/node-wire.spec.ts:411:9 › FormaOS Node & Wire Integrity Tests › Middleware Redirects › should redirect unauthenticated /admin to signin
[1A[2K[127/170] [Mobile Chrome] › e2e/node-wire.spec.ts:427:9 › FormaOS Node & Wire Integrity Tests › Error Pages › should display 404 page for non-existent route
[1A[2K[128/170] [Mobile Chrome] › e2e/node-wire.spec.ts:434:9 › FormaOS Node & Wire Integrity Tests › Error Pages › should display unauthorized page
[1A[2K[129/170] [Mobile Chrome] › e2e/node-wire.spec.ts:449:9 › FormaOS Node & Wire Integrity Tests › Page Load Performance › should load homepage within 3 seconds
[1A[2K[Mobile Chrome] › e2e/node-wire.spec.ts:449:9 › FormaOS Node & Wire Integrity Tests › Page Load Performance › should load homepage within 3 seconds
Homepage loaded in 1313ms

[1A[2K[130/170] [Mobile Chrome] › e2e/node-wire.spec.ts:458:9 › FormaOS Node & Wire Integrity Tests › Page Load Performance › should load About page within 3 seconds
[1A[2K[Mobile Chrome] › e2e/node-wire.spec.ts:458:9 › FormaOS Node & Wire Integrity Tests › Page Load Performance › should load About page within 3 seconds
About page loaded in 1803ms

[1A[2K[131/170] [Mobile Chrome] › e2e/node-wire.spec.ts:473:9 › FormaOS Node & Wire Integrity Tests › Console Error Detection › should not have console errors on homepage
[1A[2K[132/170] [Mobile Chrome] › e2e/node-wire.spec.ts:500:9 › FormaOS Node & Wire Integrity Tests › Console Error Detection › should not have console errors on About page
[1A[2K[133/170] [Mobile Chrome] › e2e/node-wire.spec.ts:522:9 › FormaOS Node & Wire Integrity Tests › Basic Accessibility › should have proper page titles
[1A[2K[Mobile Chrome] › e2e/node-wire.spec.ts:473:9 › FormaOS Node & Wire Integrity Tests › Console Error Detection › should not have console errors on homepage
Console errors found: []

[1A[2KRelevant console errors: []

[1A[2K[Mobile Chrome] › e2e/node-wire.spec.ts:500:9 › FormaOS Node & Wire Integrity Tests › Console Error Detection › should not have console errors on About page
Console errors found: []

[1A[2K[134/170] [Mobile Chrome] › e2e/node-wire.spec.ts:529:9 › FormaOS Node & Wire Integrity Tests › Basic Accessibility › should have accessible navigation
[1A[2K[135/170] [Mobile Chrome] › e2e/node-wire.spec.ts:560:8 › Authenticated User Tests › should access app dashboard when authenticated
[1A[2K[136/170] [Mobile Chrome] › e2e/node-wire.spec.ts:570:8 › Authenticated User Tests › should redirect to /admin for founder users
[1A[2K[137/170] [Mobile Safari] › e2e/cta.spec.ts:56:7 › Marketing CTA wiring › header CTAs route to app domain on all marketing pages
[1A[2K[138/170] [Mobile Safari] › e2e/cta.spec.ts:86:7 › Marketing CTA wiring › homepage primary CTAs route correctly
[1A[2K[139/170] [Mobile Safari] › e2e/cta.spec.ts:107:7 › Marketing CTA wiring › pricing plan actions route to app or contact
[1A[2K[140/170] [Mobile Safari] › e2e/node-wire.spec.ts:122:9 › FormaOS Node & Wire Integrity Tests › Public Website Navigation › should display all navigation links in header
[1A[2K[141/170] [Mobile Safari] › e2e/node-wire.spec.ts:164:9 › FormaOS Node & Wire Integrity Tests › Public Website Navigation › should navigate to Home page
[1A[2K[142/170] [Mobile Safari] › e2e/cta.spec.ts:131:7 › Marketing CTA wiring › footer links are present and non-empty
[1A[2K[143/170] [Mobile Safari] › e2e/node-wire.spec.ts:171:9 › FormaOS Node & Wire Integrity Tests › Public Website Navigation › should navigate to Product page
[1A[2K[144/170] [Mobile Safari] › e2e/node-wire.spec.ts:178:9 › FormaOS Node & Wire Integrity Tests › Public Website Navigation › should navigate to Industries page
[1A[2K[145/170] [Mobile Safari] › e2e/node-wire.spec.ts:190:9 › FormaOS Node & Wire Integrity Tests › Public Website Navigation › should navigate to Security page
[1A[2K[146/170] [Mobile Safari] › e2e/node-wire.spec.ts:197:9 › FormaOS Node & Wire Integrity Tests › Public Website Navigation › should navigate to Pricing page
[1A[2K[147/170] [Mobile Safari] › e2e/node-wire.spec.ts:204:9 › FormaOS Node & Wire Integrity Tests › Public Website Navigation › [NEW] should navigate to About page
[1A[2K[148/170] [Mobile Safari] › e2e/node-wire.spec.ts:211:9 › FormaOS Node & Wire Integrity Tests › Public Website Navigation › should navigate to Contact page
[1A[2K[149/170] [Mobile Safari] › e2e/node-wire.spec.ts:224:9 › FormaOS Node & Wire Integrity Tests › Header CTA Buttons › should navigate to Login page
[1A[2K[150/170] [Mobile Safari] › e2e/node-wire.spec.ts:235:9 › FormaOS Node & Wire Integrity Tests › Header CTA Buttons › should navigate to Pricing from Plans button
[1A[2K[151/170] [Mobile Safari] › e2e/node-wire.spec.ts:243:9 › FormaOS Node & Wire Integrity Tests › Header CTA Buttons › [UPDATED] should navigate to Signup with plan parameter
[1A[2K[152/170] [Mobile Safari] › e2e/node-wire.spec.ts:277:9 › FormaOS Node & Wire Integrity Tests › Homepage CTAs › should have Start Free Trial CTA with plan parameter
[1A[2K[153/170] [Mobile Safari] › e2e/node-wire.spec.ts:307:9 › FormaOS Node & Wire Integrity Tests › Homepage CTAs › should navigate to Contact from Request Demo
[1A[2K[Mobile Safari] › e2e/node-wire.spec.ts:277:9 › FormaOS Node & Wire Integrity Tests › Homepage CTAs › should have Start Free Trial CTA with plan parameter
Found 3 start-free CTAs on homepage

[1A[2K[154/170] [Mobile Safari] › e2e/node-wire.spec.ts:321:9 › FormaOS Node & Wire Integrity Tests › Homepage CTAs › should navigate to Contact from Schedule Demo
[1A[2K[155/170] [Mobile Safari] › e2e/node-wire.spec.ts:342:9 › FormaOS Node & Wire Integrity Tests › Mobile Navigation › should open mobile menu and show all links
[1A[2K[156/170] [Mobile Safari] › e2e/node-wire.spec.ts:357:9 › FormaOS Node & Wire Integrity Tests › Mobile Navigation › [NEW] should navigate to About from mobile menu
[1A[2K[157/170] [Mobile Safari] › e2e/node-wire.spec.ts:382:9 › FormaOS Node & Wire Integrity Tests › Middleware Redirects › should redirect /auth to /auth/signin
[1A[2K[158/170] [Mobile Safari] › e2e/node-wire.spec.ts:387:9 › FormaOS Node & Wire Integrity Tests › Middleware Redirects › should redirect OAuth code at root to callback
[1A[2K[WebServer] OAuth exchange failed: Error [AuthPKCECodeVerifierMissingError]: PKCE code verifier not found in storage. This can happen if the auth flow was initiated in a different browser or device, or if the storage was cleared. For SSR frameworks (Next.js, SvelteKit, etc.), use @supabase/ssr on both the server and client to store the code verifier in cookies.
[WebServer]     at cs._exchangeCodeForSession (.next/server/chunks/4218.js:37:5528)
[WebServer]     at async (.next/server/chunks/4218.js:37:11698) {
[WebServer]   __isAuthError: [33mtrue[39m,
[WebServer]   status: [33m400[39m,
[WebServer]   code: [32m'pkce_code_verifier_not_found'[39m
[WebServer] }

[1A[2K[159/170] [Mobile Safari] › e2e/node-wire.spec.ts:403:9 › FormaOS Node & Wire Integrity Tests › Middleware Redirects › should redirect unauthenticated /app to signin
[1A[2K[160/170] [Mobile Safari] › e2e/node-wire.spec.ts:411:9 › FormaOS Node & Wire Integrity Tests › Middleware Redirects › should redirect unauthenticated /admin to signin
[1A[2K[161/170] [Mobile Safari] › e2e/node-wire.spec.ts:427:9 › FormaOS Node & Wire Integrity Tests › Error Pages › should display 404 page for non-existent route
[1A[2K[162/170] [Mobile Safari] › e2e/node-wire.spec.ts:434:9 › FormaOS Node & Wire Integrity Tests › Error Pages › should display unauthorized page
[1A[2K[163/170] [Mobile Safari] › e2e/node-wire.spec.ts:449:9 › FormaOS Node & Wire Integrity Tests › Page Load Performance › should load homepage within 3 seconds
[1A[2K[Mobile Safari] › e2e/node-wire.spec.ts:449:9 › FormaOS Node & Wire Integrity Tests › Page Load Performance › should load homepage within 3 seconds
Homepage loaded in 1221ms

[1A[2K[164/170] [Mobile Safari] › e2e/node-wire.spec.ts:458:9 › FormaOS Node & Wire Integrity Tests › Page Load Performance › should load About page within 3 seconds
[1A[2K[165/170] [Mobile Safari] › e2e/node-wire.spec.ts:473:9 › FormaOS Node & Wire Integrity Tests › Console Error Detection › should not have console errors on homepage
[1A[2K[Mobile Safari] › e2e/node-wire.spec.ts:458:9 › FormaOS Node & Wire Integrity Tests › Page Load Performance › should load About page within 3 seconds
About page loaded in 645ms

[1A[2K[Mobile Safari] › e2e/node-wire.spec.ts:473:9 › FormaOS Node & Wire Integrity Tests › Console Error Detection › should not have console errors on homepage
Console errors found: []

[1A[2KRelevant console errors: []

[1A[2K[166/170] [Mobile Safari] › e2e/node-wire.spec.ts:500:9 › FormaOS Node & Wire Integrity Tests › Console Error Detection › should not have console errors on About page
[1A[2K[167/170] [Mobile Safari] › e2e/node-wire.spec.ts:522:9 › FormaOS Node & Wire Integrity Tests › Basic Accessibility › should have proper page titles
[1A[2K[Mobile Safari] › e2e/node-wire.spec.ts:500:9 › FormaOS Node & Wire Integrity Tests › Console Error Detection › should not have console errors on About page
Console errors found: []

[1A[2K[168/170] [Mobile Safari] › e2e/node-wire.spec.ts:529:9 › FormaOS Node & Wire Integrity Tests › Basic Accessibility › should have accessible navigation
[1A[2K[169/170] [Mobile Safari] › e2e/node-wire.spec.ts:560:8 › Authenticated User Tests › should access app dashboard when authenticated
[1A[2K[170/170] [Mobile Safari] › e2e/node-wire.spec.ts:570:8 › Authenticated User Tests › should redirect to /admin for founder users
[1A[2K  2 failed
    [firefox] › e2e/cta.spec.ts:86:7 › Marketing CTA wiring › homepage primary CTAs route correctly 
    [firefox] › e2e/node-wire.spec.ts:307:9 › FormaOS Node & Wire Integrity Tests › Homepage CTAs › should navigate to Contact from Request Demo 
  10 skipped
  158 passed (10.6m)
