Fetching /
Fetching /product
Fetching /industries
Fetching /security
Fetching /pricing
Fetching /about
Fetching /contact
Fetching /use-cases/healthcare
Fetching /use-cases/ndis-aged-care
Fetching /use-cases/workforce-credentials
Fetching /use-cases/incident-management
Fetching /docs
Fetching /blog
Fetching /faq
Fetching /our-story
Fetching /legal/privacy
Fetching /legal/terms
Fetching /auth/signup?plan=starter
Fetching /auth/signup?plan=professional
Fetching /auth/signin
Fetching /auth/signup
Checking 21 unique internal links
Saved report to test-results/site-audit.json
Audit complete. pages: 21 links checked: 21 issues: 0
